Log file open, 07/05/22 01:12:41
LogWindows: Failed to load 'aqProf.dll' (GetLastError=126)
LogWindows: File 'aqProf.dll' does not exist
LogWindows: Failed to load 'VtuneApi.dll' (GetLastError=126)
LogWindows: File 'VtuneApi.dll' does not exist
LogWindows: Failed to load 'VtuneApi32e.dll' (GetLastError=126)
LogWindows: File 'VtuneApi32e.dll' does not exist
LogConsoleResponse: Display: Failed to find resolution value strings in scalability ini. Falling back to default.
LogConsoleResponse: Display: Failed to find resolution value strings in scalability ini. Falling back to default.
LogPakFile: Display: Found Pak file ../../../PuzzlePlatforms_Multi/Content/Paks/PuzzlePlatforms_Multi-WindowsNoEditor.pak attempting to mount.
LogPakFile: Display: Mounting pak file ../../../PuzzlePlatforms_Multi/Content/Paks/PuzzlePlatforms_Multi-WindowsNoEditor.pak.
LogPakFile: PakFile PrimaryIndexSize=29330
LogPakFile: PakFile PathHashIndexSize=47635
LogPakFile: PakFile FullDirectoryIndexSize=61920
LogShaderLibrary: Display: ShaderCodeLibraryPakFileMountedCallback: PakFile '../../../PuzzlePlatforms_Multi/Content/Paks/PuzzlePlatforms_Multi-WindowsNoEditor.pak' (chunk index -1, root '../../../') mounted
LogShaderLibrary: Display: ShaderCodeLibraryPakFileMountedCallback: pending pak file info (ChunkID:-1 Root:../../../ File:../../../PuzzlePlatforms_Multi/Content/Paks/PuzzlePlatforms_Multi-WindowsNoEditor.pak)
LogPakFile: OnPakFileMounted2Time == 0.000051
LogPlatformFile: Not using cached read wrapper
LogTaskGraph: Started task graph with 5 named threads and 23 total threads with 3 sets of task threads.
LogStats: Stats thread started at 0.109419
LogICUInternationalization: ICU TimeZone Detection - Raw Offset: +9:00, Platform Override: ''
LogInit: Display: Loading text-based GConfig....
LogPluginManager: Mounting plugin OnlineSubsystemSteam
LogPluginManager: Mounting plugin OnlineSubsystem
LogPluginManager: Mounting plugin OnlineSubsystemUtils
LogPluginManager: Mounting plugin SteamShared
LogPluginManager: Mounting plugin Paper2D
LogPluginManager: Mounting plugin AISupport
LogPluginManager: Mounting plugin EnvironmentQueryEditor
LogPluginManager: Mounting plugin LightPropagationVolume
LogPluginManager: Mounting plugin CameraShakePreviewer
LogPluginManager: Mounting plugin GameplayCameras
LogPluginManager: Mounting plugin TemplateSequence
LogPluginManager: Mounting plugin LevelSequenceEditor
LogPluginManager: Mounting plugin OodleData
LogPluginManager: Mounting plugin OodleNetwork
LogPluginManager: Mounting plugin AnimationSharing
LogPluginManager: Mounting plugin SignificanceManager
LogPluginManager: Mounting plugin PixWinPlugin
LogPluginManager: Mounting plugin PluginUtils
LogPluginManager: Mounting plugin PropertyAccessEditor
LogPluginManager: Mounting plugin UObjectPlugin
LogPluginManager: Mounting plugin AssetManagerEditor
LogPluginManager: Mounting plugin FacialAnimation
LogPluginManager: Mounting plugin GeometryMode
LogPluginManager: Mounting plugin SpeedTreeImporter
LogPluginManager: Mounting plugin DatasmithContent
LogPluginManager: Mounting plugin VariantManagerContent
LogPluginManager: Mounting plugin AlembicImporter
LogPluginManager: Mounting plugin GeometryCache
LogPluginManager: Mounting plugin AutomationUtils
LogPluginManager: Mounting plugin ScreenshotTools
LogPluginManager: Mounting plugin BackChannel
LogPluginManager: Mounting plugin ChaosClothEditor
LogPluginManager: Mounting plugin ChaosCloth
LogPluginManager: Mounting plugin ChaosEditor
LogPluginManager: Mounting plugin PlanarCut
LogPluginManager: Mounting plugin GeometryProcessing
LogPluginManager: Mounting plugin EditableMesh
LogPluginManager: Mounting plugin GeometryCollectionPlugin
LogPluginManager: Mounting plugin ProceduralMeshComponent
LogPluginManager: Mounting plugin ChaosSolverPlugin
LogPluginManager: Mounting plugin ChaosNiagara
LogPluginManager: Mounting plugin Niagara
LogPluginManager: Mounting plugin PythonScriptPlugin
LogPluginManager: Mounting plugin CharacterAI
LogPluginManager: Mounting plugin MotoSynth
LogPluginManager: Mounting plugin OpenImageDenoise
LogPluginManager: Mounting plugin PlatformCrypto
LogPluginManager: Mounting plugin MagicLeapPassableWorld
LogPluginManager: Mounting plugin MagicLeap
LogPluginManager: Mounting plugin MLSDK
LogPluginManager: Mounting plugin MagicLeapLightEstimation
LogPluginManager: Mounting plugin AvfMedia
LogPluginManager: Mounting plugin ImgMedia
LogPluginManager: Mounting plugin MediaCompositing
LogPluginManager: Mounting plugin WmfMedia
LogPluginManager: Mounting plugin MeshPainting
LogPluginManager: Mounting plugin TcpMessaging
LogPluginManager: Mounting plugin UdpMessaging
LogPluginManager: Mounting plugin ActorSequence
LogPluginManager: Mounting plugin MatineeToLevelSequence
LogPluginManager: Mounting plugin OnlineSubsystemNull
LogPluginManager: Mounting plugin LauncherChunkInstaller
LogPluginManager: Mounting plugin ActorLayerUtilities
LogPluginManager: Mounting plugin AndroidPermission
LogPluginManager: Mounting plugin AppleImageUtils
LogPluginManager: Mounting plugin ArchVisCharacter
LogPluginManager: Mounting plugin AssetTags
LogPluginManager: Mounting plugin AudioCapture
LogPluginManager: Mounting plugin CableComponent
LogPluginManager: Mounting plugin ChunkDownloader
LogPluginManager: Mounting plugin CustomMeshComponent
LogPluginManager: Mounting plugin ExampleDeviceProfileSelector
LogPluginManager: Mounting plugin GooglePAD
LogPluginManager: Mounting plugin LocationServicesBPLibrary
LogPluginManager: Mounting plugin MobilePatchingUtils
LogPluginManager: Mounting plugin OculusVR
LogPluginManager: Mounting plugin OpenXREyeTracker
LogPluginManager: Mounting plugin OpenXR
LogPluginManager: Mounting plugin OpenXRHandTracking
LogPluginManager: Mounting plugin LiveLink
LogPluginManager: Mounting plugin Takes
LogPluginManager: Mounting plugin PhysXVehicles
LogPluginManager: Mounting plugin RuntimePhysXCooking
LogPluginManager: Mounting plugin SoundFields
LogPluginManager: Mounting plugin SteamVR
LogPluginManager: Mounting plugin Synthesis
LogPluginManager: Mounting plugin AudioSynesthesia
LogPluginManager: Mounting plugin WebMMoviePlayer
LogPluginManager: Mounting plugin WebMMedia
LogPluginManager: Mounting plugin WindowsMoviePlayer
LogInit: Using libcurl 7.55.1-DEV
LogInit:  - built for x86_64-pc-win32
LogInit:  - supports SSL with OpenSSL/1.1.1
LogInit:  - supports HTTP deflate (compression) using libz 1.2.8
LogInit:  - other features:
LogInit:      CURL_VERSION_SSL
LogInit:      CURL_VERSION_LIBZ
LogInit:      CURL_VERSION_IPV6
LogInit:      CURL_VERSION_ASYNCHDNS
LogInit:      CURL_VERSION_LARGEFILE
LogInit:      CURL_VERSION_IDN
LogInit:  CurlRequestOptions (configurable via config and command line):
LogInit:  - bVerifyPeer = true  - Libcurl will verify peer certificate
LogInit:  - bUseHttpProxy = false  - Libcurl will NOT use HTTP proxy
LogInit:  - bDontReuseConnections = false  - Libcurl will reuse connections
LogInit:  - MaxHostConnections = 16  - Libcurl will limit the number of connections to a host
LogInit:  - LocalHostAddr = Default
LogInit:  - BufferSize = 65536
LogSteamShared: Display: Loading Steam SDK 1.51
LogSteamShared: Steam SDK Loaded!
LogOnline: OSS: Creating online subsystem instance for: Steam
LogOnline: STEAM: Steam User is subscribed 1
LogOnline: STEAM: [AppId: 480] Client API initialized 1
LogOnline: STEAM: Initializing SteamNetworking Layer
LogOnline: STEAM: Missing P2PCleanupTimeout key in OnlineSubsystemSteam of DefaultEngine.ini, using default
LogInit: WinSock: version 1.1 (2.2), MaxSocks=32767, MaxUdp=65467
LogOnline: OSS: TryLoadSubsystemAndSetDefault: Loaded subsystem for module [Steam]
PixWinPlugin: PIX capture plugin failed to initialize! Check that the process is launched from PIX.
LogLuminAPIImpl: Warning: MLSDK not found.  This likely means the MLSDK environment variable is not set.
LogOculusPluginWrapper: OculusPlugin initialized successfully
LogHMD: Failed initializing OVRPlugin 1.59.0
LogInit: Build: ++UE4+Release-4.27-CL-18319896
LogInit: Engine Version: 4.27.2-18319896+++UE4+Release-4.27
LogInit: Compatible Engine Version: 4.27.0-17155196+++UE4+Release-4.27
LogInit: Net CL: 17155196
LogInit: OS: Windows 10 (Release 2009) (), CPU: Intel(R) Core(TM) i7-4790 CPU @ 3.60GHz, GPU: NVIDIA GeForce GTX 970
LogInit: Compiled (64-bit): Nov 30 2021 07:26:28
LogInit: Compiled with Visual C++: 19.16.27032.01
LogInit: Build Configuration: Development
LogInit: Branch Name: ++UE4+Release-4.27
LogInit: Command Line:  -game -log
LogInit: Base Directory: D:/UnrealProjects/SteamMultiTest/WindowsNoEditor/PuzzlePlatforms_Multi/Binaries/Win64/
LogInit: Allocator: binned2
LogInit: Installed Engine Build: 0
LogDevObjectVersion: Number of dev versions registered: 29
LogDevObjectVersion:   Dev-Blueprints (B0D832E4-1F89-4F0D-ACCF-7EB736FD4AA2): 10
LogDevObjectVersion:   Dev-Build (E1C64328-A22C-4D53-A36C-8E866417BD8C): 0
LogDevObjectVersion:   Dev-Core (375EC13C-06E4-48FB-B500-84F0262A717E): 4
LogDevObjectVersion:   Dev-Editor (E4B068ED-F494-42E9-A231-DA0B2E46BB41): 40
LogDevObjectVersion:   Dev-Framework (CFFC743F-43B0-4480-9391-14DF171D2073): 37
LogDevObjectVersion:   Dev-Mobile (B02B49B5-BB20-44E9-A304-32B752E40360): 3
LogDevObjectVersion:   Dev-Networking (A4E4105C-59A1-49B5-A7C5-40C4547EDFEE): 0
LogDevObjectVersion:   Dev-Online (39C831C9-5AE6-47DC-9A44-9C173E1C8E7C): 0
LogDevObjectVersion:   Dev-Physics (78F01B33-EBEA-4F98-B9B4-84EACCB95AA2): 14
LogDevObjectVersion:   Dev-Platform (6631380F-2D4D-43E0-8009-CF276956A95A): 0
LogDevObjectVersion:   Dev-Rendering (12F88B9F-8875-4AFC-A67C-D90C383ABD29): 45
LogDevObjectVersion:   Dev-Sequencer (7B5AE74C-D270-4C10-A958-57980B212A5A): 13
LogDevObjectVersion:   Dev-VR (D7296918-1DD6-4BDD-9DE2-64A83CC13884): 3
LogDevObjectVersion:   Dev-LoadTimes (C2A15278-BFE7-4AFE-6C17-90FF531DF755): 1
LogDevObjectVersion:   Private-Geometry (6EACA3D4-40EC-4CC1-B786-8BED09428FC5): 3
LogDevObjectVersion:   Dev-AnimPhys (29E575DD-E0A3-4627-9D10-D276232CDCEA): 17
LogDevObjectVersion:   Dev-Anim (AF43A65D-7FD3-4947-9873-3E8ED9C1BB05): 15
LogDevObjectVersion:   Dev-ReflectionCapture (6B266CEC-1EC7-4B8F-A30B-E4D90942FC07): 1
LogDevObjectVersion:   Dev-Automation (0DF73D61-A23F-47EA-B727-89E90C41499A): 1
LogDevObjectVersion:   FortniteMain (601D1886-AC64-4F84-AA16-D3DE0DEAC7D6): 47
LogDevObjectVersion:   FortniteRelease (E7086368-6B23-4C58-8439-1B7016265E91): 1
LogDevObjectVersion:   Dev-Enterprise (9DFFBCD6-494F-0158-E221-12823C92A888): 10
LogDevObjectVersion:   Dev-Niagara (F2AED0AC-9AFE-416F-8664-AA7FFA26D6FC): 1
LogDevObjectVersion:   Dev-Destruction (174F1F0B-B4C6-45A5-B13F-2EE8D0FB917D): 10
LogDevObjectVersion:   Dev-Physics-Ext (35F94A83-E258-406C-A318-09F59610247C): 41
LogDevObjectVersion:   Dev-PhysicsMaterial-Chaos (B68FC16E-8B1B-42E2-B453-215C058844FE): 1
LogDevObjectVersion:   Dev-CineCamera (B2E18506-4273-CFC2-A54E-F4BB758BBA07): 1
LogDevObjectVersion:   Dev-VirtualProduction (64F58936-FD1B-42BA-BA96-7289D5D0FA4E): 1
LogDevObjectVersion:   Dev-MediaFramework (6F0ED827-A609-4895-9C91-998D90180EA4): 2
LogInit: Presizing for max 2097152 objects, including 1 objects not considered by GC, pre-allocating 0 bytes for permanent pool.
LogConfig: Applying CVar settings from Section [/Script/Engine.StreamingSettings] File [../../../PuzzlePlatforms_Multi/Saved/Config/WindowsNoEditor/Engine.ini]
LogConfig: Setting CVar [[s.MinBulkDataSizeForAsyncLoading:131072]]
LogConfig: Setting CVar [[s.AsyncLoadingThreadEnabled:0]]
LogConfig: Setting CVar [[s.EventDrivenLoaderEnabled:1]]
LogConfig: Setting CVar [[s.WarnIfTimeLimitExceeded:0]]
LogConfig: Setting CVar [[s.TimeLimitExceededMultiplier:1.5]]
LogConfig: Setting CVar [[s.TimeLimitExceededMinTime:0.005]]
LogConfig: Setting CVar [[s.UseBackgroundLevelStreaming:1]]
LogConfig: Setting CVar [[s.PriorityAsyncLoadingExtraTime:15.0]]
LogConfig: Setting CVar [[s.LevelStreamingActorsUpdateTimeLimit:5.0]]
LogConfig: Setting CVar [[s.PriorityLevelStreamingActorsUpdateExtraTime:5.0]]
LogConfig: Setting CVar [[s.LevelStreamingComponentsRegistrationGranularity:10]]
LogConfig: Setting CVar [[s.UnregisterComponentsTimeLimit:1.0]]
LogConfig: Setting CVar [[s.LevelStreamingComponentsUnregistrationGranularity:5]]
LogConfig: Setting CVar [[s.FlushStreamingOnExit:1]]
LogStreaming: Display: Async Loading initialized: Event Driven Loader: true, Async Loading Thread: false, Async Post Load: true
LogInit: Object subsystem initialized
LogConfig: Setting CVar [[con.DebugEarlyDefault:1]]
LogConfig: Setting CVar [[r.setres:1280x720]]
LogConfig: Setting CVar [[fx.NiagaraAllowRuntimeScalabilityChanges:1]]
[2022.07.04-16.12.45:676][  0]LogConfig: Setting CVar [[con.DebugEarlyDefault:1]]
[2022.07.04-16.12.45:677][  0]LogConfig: Setting CVar [[r.setres:1280x720]]
[2022.07.04-16.12.45:679][  0]LogConfig: Setting CVar [[fx.NiagaraAllowRuntimeScalabilityChanges:1]]
[2022.07.04-16.12.45:680][  0]LogConfig: Applying CVar settings from Section [/Script/Engine.RendererSettings] File [../../../PuzzlePlatforms_Multi/Saved/Config/WindowsNoEditor/Engine.ini]
[2022.07.04-16.12.45:681][  0]LogConfig: Setting CVar [[r.GPUCrashDebugging:0]]
[2022.07.04-16.12.45:682][  0]LogConfig: Applying CVar settings from Section [/Script/Engine.RendererOverrideSettings] File [../../../PuzzlePlatforms_Multi/Saved/Config/WindowsNoEditor/Engine.ini]
[2022.07.04-16.12.45:683][  0]LogConfig: Applying CVar settings from Section [/Script/Engine.StreamingSettings] File [../../../PuzzlePlatforms_Multi/Saved/Config/WindowsNoEditor/Engine.ini]
[2022.07.04-16.12.45:683][  0]LogConfig: Setting CVar [[s.MinBulkDataSizeForAsyncLoading:131072]]
[2022.07.04-16.12.45:684][  0]LogConfig: Setting CVar [[s.AsyncLoadingThreadEnabled:0]]
[2022.07.04-16.12.45:685][  0]LogConfig: Setting CVar [[s.EventDrivenLoaderEnabled:1]]
[2022.07.04-16.12.45:687][  0]LogConfig: Setting CVar [[s.WarnIfTimeLimitExceeded:0]]
[2022.07.04-16.12.45:687][  0]LogConfig: Setting CVar [[s.TimeLimitExceededMultiplier:1.5]]
[2022.07.04-16.12.45:688][  0]LogConfig: Setting CVar [[s.TimeLimitExceededMinTime:0.005]]
[2022.07.04-16.12.45:688][  0]LogConfig: Setting CVar [[s.UseBackgroundLevelStreaming:1]]
[2022.07.04-16.12.45:689][  0]LogConfig: Setting CVar [[s.PriorityAsyncLoadingExtraTime:15.0]]
[2022.07.04-16.12.45:690][  0]LogConfig: Setting CVar [[s.LevelStreamingActorsUpdateTimeLimit:5.0]]
[2022.07.04-16.12.45:690][  0]LogConfig: Setting CVar [[s.PriorityLevelStreamingActorsUpdateExtraTime:5.0]]
[2022.07.04-16.12.45:691][  0]LogConfig: Setting CVar [[s.LevelStreamingComponentsRegistrationGranularity:10]]
[2022.07.04-16.12.45:694][  0]LogConfig: Setting CVar [[s.UnregisterComponentsTimeLimit:1.0]]
[2022.07.04-16.12.45:695][  0]LogConfig: Setting CVar [[s.LevelStreamingComponentsUnregistrationGranularity:5]]
[2022.07.04-16.12.45:696][  0]LogConfig: Setting CVar [[s.FlushStreamingOnExit:1]]
[2022.07.04-16.12.45:696][  0]LogConfig: Applying CVar settings from Section [/Script/Engine.GarbageCollectionSettings] File [../../../PuzzlePlatforms_Multi/Saved/Config/WindowsNoEditor/Engine.ini]
[2022.07.04-16.12.45:697][  0]LogConfig: Setting CVar [[gc.MaxObjectsNotConsideredByGC:1]]
[2022.07.04-16.12.45:698][  0]LogConfig: Setting CVar [[gc.SizeOfPermanentObjectPool:0]]
[2022.07.04-16.12.45:699][  0]LogConfig: Setting CVar [[gc.FlushStreamingOnGC:0]]
[2022.07.04-16.12.45:699][  0]LogConfig: Setting CVar [[gc.NumRetriesBeforeForcingGC:10]]
[2022.07.04-16.12.45:700][  0]LogConfig: Setting CVar [[gc.AllowParallelGC:1]]
[2022.07.04-16.12.45:700][  0]LogConfig: Setting CVar [[gc.TimeBetweenPurgingPendingKillObjects:61.1]]
[2022.07.04-16.12.45:701][  0]LogConfig: Setting CVar [[gc.MaxObjectsInEditor:25165824]]
[2022.07.04-16.12.45:702][  0]LogConfig: Setting CVar [[gc.IncrementalBeginDestroyEnabled:1]]
[2022.07.04-16.12.45:702][  0]LogConfig: Setting CVar [[gc.CreateGCClusters:1]]
[2022.07.04-16.12.45:703][  0]LogConfig: Setting CVar [[gc.MinGCClusterSize:5]]
[2022.07.04-16.12.45:704][  0]LogConfig: Setting CVar [[gc.ActorClusteringEnabled:0]]
[2022.07.04-16.12.45:705][  0]LogConfig: Setting CVar [[gc.BlueprintClusteringEnabled:0]]
[2022.07.04-16.12.45:706][  0]LogConfig: Setting CVar [[gc.UseDisregardForGCOnDedicatedServers:0]]
[2022.07.04-16.12.45:707][  0]LogConfig: Setting CVar [[gc.MultithreadedDestructionEnabled:1]]
[2022.07.04-16.12.45:709][  0]LogConfig: Applying CVar settings from Section [/Script/Engine.NetworkSettings] File [../../../PuzzlePlatforms_Multi/Saved/Config/WindowsNoEditor/Engine.ini]
[2022.07.04-16.12.45:965][  0]LogConfig: Applying CVar settings from Section [ViewDistanceQuality@3] File [../../../PuzzlePlatforms_Multi/Saved/Config/WindowsNoEditor/Scalability.ini]
[2022.07.04-16.12.45:966][  0]LogConfig: Setting CVar [[r.SkeletalMeshLODBias:0]]
[2022.07.04-16.12.45:968][  0]LogConfig: Setting CVar [[r.ViewDistanceScale:1.0]]
[2022.07.04-16.12.45:969][  0]LogConfig: Applying CVar settings from Section [AntiAliasingQuality@3] File [../../../PuzzlePlatforms_Multi/Saved/Config/WindowsNoEditor/Scalability.ini]
[2022.07.04-16.12.45:970][  0]LogConfig: Setting CVar [[r.PostProcessAAQuality:4]]
[2022.07.04-16.12.45:971][  0]LogConfig: Applying CVar settings from Section [ShadowQuality@3] File [../../../PuzzlePlatforms_Multi/Saved/Config/WindowsNoEditor/Scalability.ini]
[2022.07.04-16.12.45:972][  0]LogConfig: Setting CVar [[r.LightFunctionQuality:1]]
[2022.07.04-16.12.45:972][  0]LogConfig: Setting CVar [[r.ShadowQuality:5]]
[2022.07.04-16.12.45:973][  0]LogConfig: Setting CVar [[r.Shadow.CSM.MaxCascades:10]]
[2022.07.04-16.12.45:974][  0]LogConfig: Setting CVar [[r.Shadow.MaxResolution:2048]]
[2022.07.04-16.12.45:975][  0]LogConfig: Setting CVar [[r.Shadow.MaxCSMResolution:2048]]
[2022.07.04-16.12.45:976][  0]LogConfig: Setting CVar [[r.Shadow.RadiusThreshold:0.01]]
[2022.07.04-16.12.45:977][  0]LogConfig: Setting CVar [[r.Shadow.DistanceScale:1.0]]
[2022.07.04-16.12.45:979][  0]LogConfig: Setting CVar [[r.Shadow.CSM.TransitionScale:1.0]]
[2022.07.04-16.12.45:980][  0]LogConfig: Setting CVar [[r.Shadow.PreShadowResolutionFactor:1.0]]
[2022.07.04-16.12.45:980][  0]LogConfig: Setting CVar [[r.DistanceFieldShadowing:1]]
[2022.07.04-16.12.45:981][  0]LogConfig: Setting CVar [[r.DistanceFieldAO:1]]
[2022.07.04-16.12.45:982][  0]LogConfig: Setting CVar [[r.AOQuality:2]]
[2022.07.04-16.12.45:982][  0]LogConfig: Setting CVar [[r.VolumetricFog:1]]
[2022.07.04-16.12.45:983][  0]LogConfig: Setting CVar [[r.VolumetricFog.GridPixelSize:8]]
[2022.07.04-16.12.45:984][  0]LogConfig: Setting CVar [[r.VolumetricFog.GridSizeZ:128]]
[2022.07.04-16.12.45:984][  0]LogConfig: Setting CVar [[r.VolumetricFog.HistoryMissSupersampleCount:4]]
[2022.07.04-16.12.45:985][  0]LogConfig: Setting CVar [[r.LightMaxDrawDistanceScale:1]]
[2022.07.04-16.12.45:986][  0]LogConfig: Setting CVar [[r.CapsuleShadows:1]]
[2022.07.04-16.12.45:987][  0]LogConfig: Applying CVar settings from Section [PostProcessQuality@3] File [../../../PuzzlePlatforms_Multi/Saved/Config/WindowsNoEditor/Scalability.ini]
[2022.07.04-16.12.45:988][  0]LogConfig: Setting CVar [[r.MotionBlurQuality:4]]
[2022.07.04-16.12.45:988][  0]LogConfig: Setting CVar [[r.AmbientOcclusionMipLevelFactor:0.4]]
[2022.07.04-16.12.45:989][  0]LogConfig: Setting CVar [[r.AmbientOcclusionMaxQuality:100]]
[2022.07.04-16.12.45:990][  0]LogConfig: Setting CVar [[r.AmbientOcclusionLevels:-1]]
[2022.07.04-16.12.45:990][  0]LogConfig: Setting CVar [[r.AmbientOcclusionRadiusScale:1.0]]
[2022.07.04-16.12.45:991][  0]LogConfig: Setting CVar [[r.DepthOfFieldQuality:2]]
[2022.07.04-16.12.45:992][  0]LogConfig: Setting CVar [[r.RenderTargetPoolMin:400]]
[2022.07.04-16.12.45:993][  0]LogConfig: Setting CVar [[r.LensFlareQuality:2]]
[2022.07.04-16.12.45:995][  0]LogConfig: Setting CVar [[r.SceneColorFringeQuality:1]]
[2022.07.04-16.12.45:995][  0]LogConfig: Setting CVar [[r.EyeAdaptationQuality:2]]
[2022.07.04-16.12.45:996][  0]LogConfig: Setting CVar [[r.BloomQuality:5]]
[2022.07.04-16.12.45:997][  0]LogConfig: Setting CVar [[r.FastBlurThreshold:100]]
[2022.07.04-16.12.45:998][  0]LogConfig: Setting CVar [[r.Upscale.Quality:3]]
[2022.07.04-16.12.45:998][  0]LogConfig: Setting CVar [[r.Tonemapper.GrainQuantization:1]]
[2022.07.04-16.12.45:999][  0]LogConfig: Setting CVar [[r.LightShaftQuality:1]]
[2022.07.04-16.12.45:999][  0]LogConfig: Setting CVar [[r.Filter.SizeScale:1]]
[2022.07.04-16.12.46:000][  0]LogConfig: Setting CVar [[r.Tonemapper.Quality:5]]
[2022.07.04-16.12.46:001][  0]LogConfig: Setting CVar [[r.DOF.Gather.AccumulatorQuality:1        ; higher gathering accumulator quality]]
[2022.07.04-16.12.46:002][  0]LogConfig: Setting CVar [[r.DOF.Gather.PostfilterMethod:1          ; Median3x3 postfilering method]]
[2022.07.04-16.12.46:002][  0]LogConfig: Setting CVar [[r.DOF.Gather.EnableBokehSettings:0       ; no bokeh simulation when gathering]]
[2022.07.04-16.12.46:003][  0]LogConfig: Setting CVar [[r.DOF.Gather.RingCount:4                 ; medium number of samples when gathering]]
[2022.07.04-16.12.46:004][  0]LogConfig: Setting CVar [[r.DOF.Scatter.ForegroundCompositing:1    ; additive foreground scattering]]
[2022.07.04-16.12.46:005][  0]LogConfig: Setting CVar [[r.DOF.Scatter.BackgroundCompositing:2    ; additive background scattering]]
[2022.07.04-16.12.46:007][  0]LogConfig: Setting CVar [[r.DOF.Scatter.EnableBokehSettings:1      ; bokeh simulation when scattering]]
[2022.07.04-16.12.46:009][  0]LogConfig: Setting CVar [[r.DOF.Scatter.MaxSpriteRatio:0.1         ; only a maximum of 10% of scattered bokeh]]
[2022.07.04-16.12.46:011][  0]LogConfig: Setting CVar [[r.DOF.Recombine.Quality:1                ; cheap slight out of focus]]
[2022.07.04-16.12.46:011][  0]LogConfig: Setting CVar [[r.DOF.Recombine.EnableBokehSettings:0    ; no bokeh simulation on slight out of focus]]
[2022.07.04-16.12.46:012][  0]LogConfig: Setting CVar [[r.DOF.TemporalAAQuality:1                ; more stable temporal accumulation]]
[2022.07.04-16.12.46:013][  0]LogConfig: Setting CVar [[r.DOF.Kernel.MaxForegroundRadius:0.025]]
[2022.07.04-16.12.46:014][  0]LogConfig: Setting CVar [[r.DOF.Kernel.MaxBackgroundRadius:0.025]]
[2022.07.04-16.12.46:015][  0]LogConfig: Applying CVar settings from Section [TextureQuality@3] File [../../../PuzzlePlatforms_Multi/Saved/Config/WindowsNoEditor/Scalability.ini]
[2022.07.04-16.12.46:015][  0]LogConfig: Setting CVar [[r.Streaming.MipBias:0]]
[2022.07.04-16.12.46:016][  0]LogConfig: Setting CVar [[r.Streaming.AmortizeCPUToGPUCopy:0]]
[2022.07.04-16.12.46:017][  0]LogConfig: Setting CVar [[r.Streaming.MaxNumTexturesToStreamPerFrame:0]]
[2022.07.04-16.12.46:018][  0]LogConfig: Setting CVar [[r.Streaming.Boost:1]]
[2022.07.04-16.12.46:019][  0]LogConfig: Setting CVar [[r.MaxAnisotropy:8]]
[2022.07.04-16.12.46:020][  0]LogConfig: Setting CVar [[r.VT.MaxAnisotropy:8]]
[2022.07.04-16.12.46:021][  0]LogConfig: Setting CVar [[r.Streaming.LimitPoolSizeToVRAM:0]]
[2022.07.04-16.12.46:021][  0]LogConfig: Setting CVar [[r.Streaming.PoolSize:1000]]
[2022.07.04-16.12.46:022][  0]LogConfig: Setting CVar [[r.Streaming.MaxEffectiveScreenSize:0]]
[2022.07.04-16.12.46:024][  0]LogConfig: Applying CVar settings from Section [EffectsQuality@3] File [../../../PuzzlePlatforms_Multi/Saved/Config/WindowsNoEditor/Scalability.ini]
[2022.07.04-16.12.46:025][  0]LogConfig: Setting CVar [[r.TranslucencyLightingVolumeDim:64]]
[2022.07.04-16.12.46:026][  0]LogConfig: Setting CVar [[r.RefractionQuality:2]]
[2022.07.04-16.12.46:027][  0]LogConfig: Setting CVar [[r.SSR.Quality:3]]
[2022.07.04-16.12.46:028][  0]LogConfig: Setting CVar [[r.SSR.HalfResSceneColor:0]]
[2022.07.04-16.12.46:028][  0]LogConfig: Setting CVar [[r.SceneColorFormat:4]]
[2022.07.04-16.12.46:029][  0]LogConfig: Setting CVar [[r.DetailMode:2]]
[2022.07.04-16.12.46:030][  0]LogConfig: Setting CVar [[r.TranslucencyVolumeBlur:1]]
[2022.07.04-16.12.46:030][  0]LogConfig: Setting CVar [[r.MaterialQualityLevel:1 ; High quality]]
[2022.07.04-16.12.46:031][  0]LogConfig: Setting CVar [[r.AnisotropicMaterials:1]]
[2022.07.04-16.12.46:032][  0]LogConfig: Setting CVar [[r.SSS.Scale:1]]
[2022.07.04-16.12.46:032][  0]LogConfig: Setting CVar [[r.SSS.SampleSet:2]]
[2022.07.04-16.12.46:033][  0]LogConfig: Setting CVar [[r.SSS.Quality:1]]
[2022.07.04-16.12.46:034][  0]LogConfig: Setting CVar [[r.SSS.HalfRes:0]]
[2022.07.04-16.12.46:034][  0]LogConfig: Setting CVar [[r.SSGI.Quality:3]]
[2022.07.04-16.12.46:035][  0]LogConfig: Setting CVar [[r.EmitterSpawnRateScale:1.0]]
[2022.07.04-16.12.46:036][  0]LogConfig: Setting CVar [[r.ParticleLightQuality:2]]
[2022.07.04-16.12.46:036][  0]LogConfig: Setting CVar [[r.SkyAtmosphere.AerialPerspectiveLUT.FastApplyOnOpaque:1 ; Always have FastSkyLUT 1 in this case to avoid wrong sky]]
[2022.07.04-16.12.46:038][  0]LogConfig: Setting CVar [[r.SkyAtmosphere.AerialPerspectiveLUT.SampleCountMaxPerSlice:4]]
[2022.07.04-16.12.46:040][  0]LogConfig: Setting CVar [[r.SkyAtmosphere.AerialPerspectiveLUT.DepthResolution:16.0]]
[2022.07.04-16.12.46:041][  0]LogConfig: Setting CVar [[r.SkyAtmosphere.FastSkyLUT:1]]
[2022.07.04-16.12.46:041][  0]LogConfig: Setting CVar [[r.SkyAtmosphere.FastSkyLUT.SampleCountMin:4.0]]
[2022.07.04-16.12.46:042][  0]LogConfig: Setting CVar [[r.SkyAtmosphere.FastSkyLUT.SampleCountMax:128.0]]
[2022.07.04-16.12.46:043][  0]LogConfig: Setting CVar [[r.SkyAtmosphere.SampleCountMin:4.0]]
[2022.07.04-16.12.46:044][  0]LogConfig: Setting CVar [[r.SkyAtmosphere.SampleCountMax:128.0]]
[2022.07.04-16.12.46:045][  0]LogConfig: Setting CVar [[r.SkyAtmosphere.TransmittanceLUT.UseSmallFormat:0]]
[2022.07.04-16.12.46:045][  0]LogConfig: Setting CVar [[r.SkyAtmosphere.TransmittanceLUT.SampleCount:10.0]]
[2022.07.04-16.12.46:046][  0]LogConfig: Setting CVar [[r.SkyAtmosphere.MultiScatteringLUT.SampleCount:15.0]]
[2022.07.04-16.12.46:047][  0]LogConfig: Setting CVar [[r.SkyLight.RealTimeReflectionCapture:1]]
[2022.07.04-16.12.46:048][  0]LogConfig: Setting CVar [[fx.Niagara.QualityLevel:3]]
[2022.07.04-16.12.46:048][  0]LogConfig: Applying CVar settings from Section [FoliageQuality@3] File [../../../PuzzlePlatforms_Multi/Saved/Config/WindowsNoEditor/Scalability.ini]
[2022.07.04-16.12.46:049][  0]LogConfig: Setting CVar [[foliage.DensityScale:1.0]]
[2022.07.04-16.12.46:050][  0]LogConfig: Setting CVar [[grass.DensityScale:1.0]]
[2022.07.04-16.12.46:050][  0]LogConfig: Applying CVar settings from Section [ShadingQuality@3] File [../../../PuzzlePlatforms_Multi/Saved/Config/WindowsNoEditor/Scalability.ini]
[2022.07.04-16.12.46:051][  0]LogConfig: Setting CVar [[r.HairStrands.SkyLighting.IntegrationType:2]]
[2022.07.04-16.12.46:052][  0]LogConfig: Setting CVar [[r.HairStrands.SkyAO.SampleCount:4]]
[2022.07.04-16.12.46:055][  0]LogConfig: Setting CVar [[r.HairStrands.Visibility.MSAA.SamplePerPixel:4]]
[2022.07.04-16.12.46:056][  0]LogInit: Selected Device Profile: [WindowsNoEditor]
[2022.07.04-16.12.46:057][  0]LogInit: Applying CVar settings loaded from the selected device profile: [WindowsNoEditor]
[2022.07.04-16.12.46:057][  0]LogHAL: Display: Platform has ~ 16 GB [17094959104 / 17179869184 / 16], which maps to Larger [LargestMinGB=32, LargerMinGB=12, DefaultMinGB=8, SmallerMinGB=6, SmallestMinGB=0)
[2022.07.04-16.12.46:058][  0]LogInit: Going up to parent DeviceProfile [Windows]
[2022.07.04-16.12.46:059][  0]LogInit: Going up to parent DeviceProfile []
[2022.07.04-16.12.46:059][  0]LogConfig: Applying CVar settings from Section [ViewDistanceQuality@3] File [../../../PuzzlePlatforms_Multi/Saved/Config/WindowsNoEditor/Scalability.ini]
[2022.07.04-16.12.46:060][  0]LogConfig: Setting CVar [[r.SkeletalMeshLODBias:0]]
[2022.07.04-16.12.46:062][  0]LogConfig: Setting CVar [[r.ViewDistanceScale:1.0]]
[2022.07.04-16.12.46:063][  0]LogConfig: Applying CVar settings from Section [AntiAliasingQuality@3] File [../../../PuzzlePlatforms_Multi/Saved/Config/WindowsNoEditor/Scalability.ini]
[2022.07.04-16.12.46:064][  0]LogConfig: Setting CVar [[r.PostProcessAAQuality:4]]
[2022.07.04-16.12.46:064][  0]LogConfig: Applying CVar settings from Section [ShadowQuality@3] File [../../../PuzzlePlatforms_Multi/Saved/Config/WindowsNoEditor/Scalability.ini]
[2022.07.04-16.12.46:065][  0]LogConfig: Setting CVar [[r.LightFunctionQuality:1]]
[2022.07.04-16.12.46:066][  0]LogConfig: Setting CVar [[r.ShadowQuality:5]]
[2022.07.04-16.12.46:066][  0]LogConfig: Setting CVar [[r.Shadow.CSM.MaxCascades:10]]
[2022.07.04-16.12.46:069][  0]LogConfig: Setting CVar [[r.Shadow.MaxResolution:2048]]
[2022.07.04-16.12.46:070][  0]LogConfig: Setting CVar [[r.Shadow.MaxCSMResolution:2048]]
[2022.07.04-16.12.46:070][  0]LogConfig: Setting CVar [[r.Shadow.RadiusThreshold:0.01]]
[2022.07.04-16.12.46:071][  0]LogConfig: Setting CVar [[r.Shadow.DistanceScale:1.0]]
[2022.07.04-16.12.46:072][  0]LogConfig: Setting CVar [[r.Shadow.CSM.TransitionScale:1.0]]
[2022.07.04-16.12.46:072][  0]LogConfig: Setting CVar [[r.Shadow.PreShadowResolutionFactor:1.0]]
[2022.07.04-16.12.46:073][  0]LogConfig: Setting CVar [[r.DistanceFieldShadowing:1]]
[2022.07.04-16.12.46:073][  0]LogConfig: Setting CVar [[r.DistanceFieldAO:1]]
[2022.07.04-16.12.46:075][  0]LogConfig: Setting CVar [[r.AOQuality:2]]
[2022.07.04-16.12.46:075][  0]LogConfig: Setting CVar [[r.VolumetricFog:1]]
[2022.07.04-16.12.46:076][  0]LogConfig: Setting CVar [[r.VolumetricFog.GridPixelSize:8]]
[2022.07.04-16.12.46:077][  0]LogConfig: Setting CVar [[r.VolumetricFog.GridSizeZ:128]]
[2022.07.04-16.12.46:077][  0]LogConfig: Setting CVar [[r.VolumetricFog.HistoryMissSupersampleCount:4]]
[2022.07.04-16.12.46:078][  0]LogConfig: Setting CVar [[r.LightMaxDrawDistanceScale:1]]
[2022.07.04-16.12.46:079][  0]LogConfig: Setting CVar [[r.CapsuleShadows:1]]
[2022.07.04-16.12.46:079][  0]LogConfig: Applying CVar settings from Section [PostProcessQuality@3] File [../../../PuzzlePlatforms_Multi/Saved/Config/WindowsNoEditor/Scalability.ini]
[2022.07.04-16.12.46:080][  0]LogConfig: Setting CVar [[r.MotionBlurQuality:4]]
[2022.07.04-16.12.46:081][  0]LogConfig: Setting CVar [[r.AmbientOcclusionMipLevelFactor:0.4]]
[2022.07.04-16.12.46:081][  0]LogConfig: Setting CVar [[r.AmbientOcclusionMaxQuality:100]]
[2022.07.04-16.12.46:082][  0]LogConfig: Setting CVar [[r.AmbientOcclusionLevels:-1]]
[2022.07.04-16.12.46:084][  0]LogConfig: Setting CVar [[r.AmbientOcclusionRadiusScale:1.0]]
[2022.07.04-16.12.46:085][  0]LogConfig: Setting CVar [[r.DepthOfFieldQuality:2]]
[2022.07.04-16.12.46:086][  0]LogConfig: Setting CVar [[r.RenderTargetPoolMin:400]]
[2022.07.04-16.12.46:087][  0]LogConfig: Setting CVar [[r.LensFlareQuality:2]]
[2022.07.04-16.12.46:088][  0]LogConfig: Setting CVar [[r.SceneColorFringeQuality:1]]
[2022.07.04-16.12.46:089][  0]LogConfig: Setting CVar [[r.EyeAdaptationQuality:2]]
[2022.07.04-16.12.46:090][  0]LogConfig: Setting CVar [[r.BloomQuality:5]]
[2022.07.04-16.12.46:091][  0]LogConfig: Setting CVar [[r.FastBlurThreshold:100]]
[2022.07.04-16.12.46:092][  0]LogConfig: Setting CVar [[r.Upscale.Quality:3]]
[2022.07.04-16.12.46:092][  0]LogConfig: Setting CVar [[r.Tonemapper.GrainQuantization:1]]
[2022.07.04-16.12.46:093][  0]LogConfig: Setting CVar [[r.LightShaftQuality:1]]
[2022.07.04-16.12.46:094][  0]LogConfig: Setting CVar [[r.Filter.SizeScale:1]]
[2022.07.04-16.12.46:094][  0]LogConfig: Setting CVar [[r.Tonemapper.Quality:5]]
[2022.07.04-16.12.46:095][  0]LogConfig: Setting CVar [[r.DOF.Gather.AccumulatorQuality:1        ; higher gathering accumulator quality]]
[2022.07.04-16.12.46:096][  0]LogConfig: Setting CVar [[r.DOF.Gather.PostfilterMethod:1          ; Median3x3 postfilering method]]
[2022.07.04-16.12.46:097][  0]LogConfig: Setting CVar [[r.DOF.Gather.EnableBokehSettings:0       ; no bokeh simulation when gathering]]
[2022.07.04-16.12.46:099][  0]LogConfig: Setting CVar [[r.DOF.Gather.RingCount:4                 ; medium number of samples when gathering]]
[2022.07.04-16.12.46:100][  0]LogConfig: Setting CVar [[r.DOF.Scatter.ForegroundCompositing:1    ; additive foreground scattering]]
[2022.07.04-16.12.46:100][  0]LogConfig: Setting CVar [[r.DOF.Scatter.BackgroundCompositing:2    ; additive background scattering]]
[2022.07.04-16.12.46:101][  0]LogConfig: Setting CVar [[r.DOF.Scatter.EnableBokehSettings:1      ; bokeh simulation when scattering]]
[2022.07.04-16.12.46:102][  0]LogConfig: Setting CVar [[r.DOF.Scatter.MaxSpriteRatio:0.1         ; only a maximum of 10% of scattered bokeh]]
[2022.07.04-16.12.46:102][  0]LogConfig: Setting CVar [[r.DOF.Recombine.Quality:1                ; cheap slight out of focus]]
[2022.07.04-16.12.46:103][  0]LogConfig: Setting CVar [[r.DOF.Recombine.EnableBokehSettings:0    ; no bokeh simulation on slight out of focus]]
[2022.07.04-16.12.46:104][  0]LogConfig: Setting CVar [[r.DOF.TemporalAAQuality:1                ; more stable temporal accumulation]]
[2022.07.04-16.12.46:105][  0]LogConfig: Setting CVar [[r.DOF.Kernel.MaxForegroundRadius:0.025]]
[2022.07.04-16.12.46:106][  0]LogConfig: Setting CVar [[r.DOF.Kernel.MaxBackgroundRadius:0.025]]
[2022.07.04-16.12.46:107][  0]LogConfig: Applying CVar settings from Section [TextureQuality@3] File [../../../PuzzlePlatforms_Multi/Saved/Config/WindowsNoEditor/Scalability.ini]
[2022.07.04-16.12.46:108][  0]LogConfig: Setting CVar [[r.Streaming.MipBias:0]]
[2022.07.04-16.12.46:108][  0]LogConfig: Setting CVar [[r.Streaming.AmortizeCPUToGPUCopy:0]]
[2022.07.04-16.12.46:109][  0]LogConfig: Setting CVar [[r.Streaming.MaxNumTexturesToStreamPerFrame:0]]
[2022.07.04-16.12.46:109][  0]LogConfig: Setting CVar [[r.Streaming.Boost:1]]
[2022.07.04-16.12.46:110][  0]LogConfig: Setting CVar [[r.MaxAnisotropy:8]]
[2022.07.04-16.12.46:111][  0]LogConfig: Setting CVar [[r.VT.MaxAnisotropy:8]]
[2022.07.04-16.12.46:111][  0]LogConfig: Setting CVar [[r.Streaming.LimitPoolSizeToVRAM:0]]
[2022.07.04-16.12.46:112][  0]LogConfig: Setting CVar [[r.Streaming.PoolSize:1000]]
[2022.07.04-16.12.46:114][  0]LogConfig: Setting CVar [[r.Streaming.MaxEffectiveScreenSize:0]]
[2022.07.04-16.12.46:115][  0]LogConfig: Applying CVar settings from Section [EffectsQuality@3] File [../../../PuzzlePlatforms_Multi/Saved/Config/WindowsNoEditor/Scalability.ini]
[2022.07.04-16.12.46:116][  0]LogConfig: Setting CVar [[r.TranslucencyLightingVolumeDim:64]]
[2022.07.04-16.12.46:117][  0]LogConfig: Setting CVar [[r.RefractionQuality:2]]
[2022.07.04-16.12.46:117][  0]LogConfig: Setting CVar [[r.SSR.Quality:3]]
[2022.07.04-16.12.46:118][  0]LogConfig: Setting CVar [[r.SSR.HalfResSceneColor:0]]
[2022.07.04-16.12.46:118][  0]LogConfig: Setting CVar [[r.SceneColorFormat:4]]
[2022.07.04-16.12.46:119][  0]LogConfig: Setting CVar [[r.DetailMode:2]]
[2022.07.04-16.12.46:119][  0]LogConfig: Setting CVar [[r.TranslucencyVolumeBlur:1]]
[2022.07.04-16.12.46:120][  0]LogConfig: Setting CVar [[r.MaterialQualityLevel:1 ; High quality]]
[2022.07.04-16.12.46:121][  0]LogConfig: Setting CVar [[r.AnisotropicMaterials:1]]
[2022.07.04-16.12.46:122][  0]LogConfig: Setting CVar [[r.SSS.Scale:1]]
[2022.07.04-16.12.46:123][  0]LogConfig: Setting CVar [[r.SSS.SampleSet:2]]
[2022.07.04-16.12.46:123][  0]LogConfig: Setting CVar [[r.SSS.Quality:1]]
[2022.07.04-16.12.46:124][  0]LogConfig: Setting CVar [[r.SSS.HalfRes:0]]
[2022.07.04-16.12.46:125][  0]LogConfig: Setting CVar [[r.SSGI.Quality:3]]
[2022.07.04-16.12.46:125][  0]LogConfig: Setting CVar [[r.EmitterSpawnRateScale:1.0]]
[2022.07.04-16.12.46:126][  0]LogConfig: Setting CVar [[r.ParticleLightQuality:2]]
[2022.07.04-16.12.46:127][  0]LogConfig: Setting CVar [[r.SkyAtmosphere.AerialPerspectiveLUT.FastApplyOnOpaque:1 ; Always have FastSkyLUT 1 in this case to avoid wrong sky]]
[2022.07.04-16.12.46:129][  0]LogConfig: Setting CVar [[r.SkyAtmosphere.AerialPerspectiveLUT.SampleCountMaxPerSlice:4]]
[2022.07.04-16.12.46:130][  0]LogConfig: Setting CVar [[r.SkyAtmosphere.AerialPerspectiveLUT.DepthResolution:16.0]]
[2022.07.04-16.12.46:130][  0]LogConfig: Setting CVar [[r.SkyAtmosphere.FastSkyLUT:1]]
[2022.07.04-16.12.46:131][  0]LogConfig: Setting CVar [[r.SkyAtmosphere.FastSkyLUT.SampleCountMin:4.0]]
[2022.07.04-16.12.46:132][  0]LogConfig: Setting CVar [[r.SkyAtmosphere.FastSkyLUT.SampleCountMax:128.0]]
[2022.07.04-16.12.46:132][  0]LogConfig: Setting CVar [[r.SkyAtmosphere.SampleCountMin:4.0]]
[2022.07.04-16.12.46:133][  0]LogConfig: Setting CVar [[r.SkyAtmosphere.SampleCountMax:128.0]]
[2022.07.04-16.12.46:134][  0]LogConfig: Setting CVar [[r.SkyAtmosphere.TransmittanceLUT.UseSmallFormat:0]]
[2022.07.04-16.12.46:135][  0]LogConfig: Setting CVar [[r.SkyAtmosphere.TransmittanceLUT.SampleCount:10.0]]
[2022.07.04-16.12.46:136][  0]LogConfig: Setting CVar [[r.SkyAtmosphere.MultiScatteringLUT.SampleCount:15.0]]
[2022.07.04-16.12.46:136][  0]LogConfig: Setting CVar [[r.SkyLight.RealTimeReflectionCapture:1]]
[2022.07.04-16.12.46:137][  0]LogConfig: Setting CVar [[fx.Niagara.QualityLevel:3]]
[2022.07.04-16.12.46:138][  0]LogConfig: Applying CVar settings from Section [FoliageQuality@3] File [../../../PuzzlePlatforms_Multi/Saved/Config/WindowsNoEditor/Scalability.ini]
[2022.07.04-16.12.46:139][  0]LogConfig: Setting CVar [[foliage.DensityScale:1.0]]
[2022.07.04-16.12.46:140][  0]LogConfig: Setting CVar [[grass.DensityScale:1.0]]
[2022.07.04-16.12.46:140][  0]LogConfig: Applying CVar settings from Section [ShadingQuality@3] File [../../../PuzzlePlatforms_Multi/Saved/Config/WindowsNoEditor/Scalability.ini]
[2022.07.04-16.12.46:141][  0]LogConfig: Setting CVar [[r.HairStrands.SkyLighting.IntegrationType:2]]
[2022.07.04-16.12.46:142][  0]LogConfig: Setting CVar [[r.HairStrands.SkyAO.SampleCount:4]]
[2022.07.04-16.12.46:144][  0]LogConfig: Setting CVar [[r.HairStrands.Visibility.MSAA.SamplePerPixel:4]]
[2022.07.04-16.12.46:144][  0]LogConfig: Applying CVar settings from Section [Startup] File [../../../Engine/Config/ConsoleVariables.ini]
[2022.07.04-16.12.46:145][  0]LogConfig: Setting CVar [[net.UseAdaptiveNetUpdateFrequency:0]]
[2022.07.04-16.12.46:146][  0]LogConfig: Setting CVar [[p.chaos.AllowCreatePhysxBodies:1]]
[2022.07.04-16.12.46:147][  0]LogConfig: Setting CVar [[fx.SkipVectorVMBackendOptimizations:1]]
[2022.07.04-16.12.46:147][  0]LogConfig: Applying CVar settings from Section [ConsoleVariables] File [../../../PuzzlePlatforms_Multi/Saved/Config/WindowsNoEditor/Engine.ini]
[2022.07.04-16.12.46:148][  0]LogInit: Computer: DESKTOP-2ABPD5V
[2022.07.04-16.12.46:149][  0]LogInit: User: 82104
[2022.07.04-16.12.46:149][  0]LogInit: CPU Page size=4096, Cores=4
[2022.07.04-16.12.46:150][  0]LogInit: High frequency timer resolution =10.000000 MHz
[2022.07.04-16.12.46:150][  0]LogMemory: Memory total: Physical=15.9GB (16GB approx)
[2022.07.04-16.12.46:151][  0]LogMemory: Platform Memory Stats for WindowsNoEditor
[2022.07.04-16.12.46:152][  0]LogMemory: Process Physical Memory: 103.36 MB used, 103.36 MB peak
[2022.07.04-16.12.46:153][  0]LogMemory: Process Virtual Memory: 89.20 MB used, 89.20 MB peak
[2022.07.04-16.12.46:153][  0]LogMemory: Physical Memory: 7144.79 MB used,  9158.23 MB free, 16303.02 MB total
[2022.07.04-16.12.46:154][  0]LogMemory: Virtual Memory: 134205032.00 MB used,  12698.15 MB free, 134217728.00 MB total
[2022.07.04-16.12.46:173][  0]LogWindows: WindowsPlatformFeatures enabled
[2022.07.04-16.12.46:454][  0]LogInit: Physics initialised using underlying interface: PhysX
[2022.07.04-16.12.46:456][  0]LogInit: Using OS detected language (ko-KR).
[2022.07.04-16.12.46:456][  0]LogInit: Using OS detected locale (ko-KR).
[2022.07.04-16.12.46:457][  0]LogTextLocalizationManager: No localization for 'ko-KR' exists, so 'en' will be used for the language.
[2022.07.04-16.12.46:458][  0]LogTextLocalizationManager: No localization for 'ko-KR' exists, so 'en' will be used for the locale.
[2022.07.04-16.12.46:554][  0]LogWindowsTextInputMethodSystem: Display: IME system deactivated.
[2022.07.04-16.12.46:827][  0]LogSlate: New Slate User Created.  User Index 0, Is Virtual User: 0
[2022.07.04-16.12.46:827][  0]LogSlate: Slate User Registered.  User Index 0, Is Virtual User: 0
[2022.07.04-16.12.47:092][  0]LogD3D11RHI: Loaded GFSDK_Aftermath_Lib.x64.dll
[2022.07.04-16.12.47:104][  0]LogHMD: Failed to initialize OpenVR with code 110
[2022.07.04-16.12.47:104][  0]LogD3D11RHI: D3D11 min allowed feature level: 11_0
[2022.07.04-16.12.47:105][  0]LogD3D11RHI: D3D11 max allowed feature level: 11_0
[2022.07.04-16.12.47:106][  0]LogD3D11RHI: D3D11 adapters:
[2022.07.04-16.12.47:492][  0]LogD3D11RHI:    0. 'NVIDIA GeForce GTX 970' (Feature Level 11_0)
[2022.07.04-16.12.47:492][  0]LogD3D11RHI:       4043/0/8151 MB DedicatedVideo/DedicatedSystem/SharedSystem, Outputs:2, VendorId:0x10de
[2022.07.04-16.12.47:500][  0]LogD3D11RHI:    1. 'Microsoft Basic Render Driver' (Feature Level 11_0)
[2022.07.04-16.12.47:501][  0]LogD3D11RHI:       0/0/8151 MB DedicatedVideo/DedicatedSystem/SharedSystem, Outputs:0, VendorId:0x1414
[2022.07.04-16.12.47:502][  0]LogD3D11RHI: Chosen D3D11 Adapter:
[2022.07.04-16.12.47:503][  0]LogD3D11RHI:     Description : NVIDIA GeForce GTX 970
[2022.07.04-16.12.47:503][  0]LogD3D11RHI:     VendorId    : 10de
[2022.07.04-16.12.47:504][  0]LogD3D11RHI:     DeviceId    : 13c2
[2022.07.04-16.12.47:505][  0]LogD3D11RHI:     SubSysId    : 13c210b0
[2022.07.04-16.12.47:506][  0]LogD3D11RHI:     Revision    : 00a1
[2022.07.04-16.12.47:507][  0]LogD3D11RHI:     DedicatedVideoMemory : 4239654912 bytes
[2022.07.04-16.12.47:508][  0]LogD3D11RHI:     DedicatedSystemMemory : 0 bytes
[2022.07.04-16.12.47:509][  0]LogD3D11RHI:     SharedSystemMemory : 8547479552 bytes
[2022.07.04-16.12.47:510][  0]LogD3D11RHI:     AdapterLuid : 0 38284
[2022.07.04-16.12.47:519][  0]LogD3D11RHI: Creating new Direct3DDevice
[2022.07.04-16.12.47:519][  0]LogD3D11RHI:     GPU DeviceId: 0x13c2 (for the marketing name, search the web for "GPU Device Id")
[2022.07.04-16.12.47:521][  0]LogWindows: EnumDisplayDevices:
[2022.07.04-16.12.47:522][  0]LogWindows:    0. 'NVIDIA GeForce GTX 970' (P:1 D:1)
[2022.07.04-16.12.47:526][  0]LogWindows:    1. 'NVIDIA GeForce GTX 970' (P:0 D:1)
[2022.07.04-16.12.47:529][  0]LogWindows:    2. 'NVIDIA GeForce GTX 970' (P:0 D:0)
[2022.07.04-16.12.47:531][  0]LogWindows:    3. 'NVIDIA GeForce GTX 970' (P:0 D:0)
[2022.07.04-16.12.47:534][  0]LogWindows: DebugString: FoundDriverCount:4 
[2022.07.04-16.12.47:534][  0]LogD3D11RHI:     Adapter Name: NVIDIA GeForce GTX 970
[2022.07.04-16.12.47:535][  0]LogD3D11RHI:   Driver Version: 516.40 (internal:31.0.15.1640, unified:516.40)
[2022.07.04-16.12.47:537][  0]LogD3D11RHI:      Driver Date: 6-6-2022
[2022.07.04-16.12.47:538][  0]LogRHI: Texture pool is 2830 MB (70% of 4043 MB)
[2022.07.04-16.12.47:539][  0]LogD3D11RHI: Creating D3DDevice using adapter:
[2022.07.04-16.12.47:539][  0]LogD3D11RHI:     Description : NVIDIA GeForce GTX 970
[2022.07.04-16.12.47:540][  0]LogD3D11RHI:     VendorId    : 10de
[2022.07.04-16.12.47:541][  0]LogD3D11RHI:     DeviceId    : 13c2
[2022.07.04-16.12.47:542][  0]LogD3D11RHI:     SubSysId    : 13c210b0
[2022.07.04-16.12.47:542][  0]LogD3D11RHI:     Revision    : 00a1
[2022.07.04-16.12.47:543][  0]LogD3D11RHI:     DedicatedVideoMemory : 4239654912 bytes
[2022.07.04-16.12.47:544][  0]LogD3D11RHI:     DedicatedSystemMemory : 0 bytes
[2022.07.04-16.12.47:544][  0]LogD3D11RHI:     SharedSystemMemory : 8547479552 bytes
[2022.07.04-16.12.47:545][  0]LogD3D11RHI:     AdapterLuid : 0 38284
[2022.07.04-16.12.47:647][  0]LogD3D11RHI: RHI has support for 64 bit atomics
[2022.07.04-16.12.47:647][  0]LogD3D11RHI: Async texture creation enabled
[2022.07.04-16.12.47:649][  0]LogD3D11RHI: Array index from any shader is supported
[2022.07.04-16.12.47:713][  0]LogD3D11RHI: GPU Timing Frequency: 1000.000000 (Debug: 2 1)
[2022.07.04-16.12.47:953][  0]LogRHI: GeForceNow SDK initialized: 1
[2022.07.04-16.12.47:953][  0]LogRendererCore: Ray tracing is disabled. Reason: r.RayTracing=0.
[2022.07.04-16.12.47:958][  0]LogShaderLibrary: Display: Using ../../../PuzzlePlatforms_Multi/Content/ShaderArchive-Global-PCD3D_SM5.ushaderbytecode for material shader code. Total 1951 unique shaders.
[2022.07.04-16.12.47:959][  0]LogShaderLibrary: Display: Cooked Context: Using Shared Shader Library Global
[2022.07.04-16.12.47:961][  0]LogShaderLibrary: Display: Logical shader library 'Global' has been created, components 1
[2022.07.04-16.12.47:962][  0]LogTemp: Warning: Clearing the OS Cache
[2022.07.04-16.12.47:964][  0]LogODSC: ODSC Thread active.
[2022.07.04-16.12.47:966][  0]LogPakFile: New pak file ../../../PuzzlePlatforms_Multi/Content/Paks/PuzzlePlatforms_Multi-WindowsNoEditor.pak added to pak precacher.
[2022.07.04-16.12.47:993][  0]LogSlate: Using FreeType 2.10.0
[2022.07.04-16.12.47:994][  0]LogSlate: SlateFontServices - WITH_FREETYPE: 1, WITH_HARFBUZZ: 1
[2022.07.04-16.12.48:067][  0]LogShaderLibrary: Display: Using ../../../PuzzlePlatforms_Multi/Content/ShaderArchive-PuzzlePlatforms_Multi-PCD3D_SM5.ushaderbytecode for material shader code. Total 1550 unique shaders.
[2022.07.04-16.12.48:067][  0]LogShaderLibrary: Display: Cooked Context: Using Shared Shader Library PuzzlePlatforms_Multi
[2022.07.04-16.12.48:070][  0]LogShaderLibrary: Display: Logical shader library 'PuzzlePlatforms_Multi' has been created, components 1
[2022.07.04-16.12.48:072][  0]LogRHI: Display: Opened pipeline cache after state change and enqueued 0 of 0 tasks for precompile.
[2022.07.04-16.12.48:074][  0]LogShaderLibrary: Display: Using ../../../PuzzlePlatforms_Multi/Content/ShaderArchive-PuzzlePlatforms_Multi-PCD3D_SM5.ushaderbytecode for material shader code. Total 1550 unique shaders.
[2022.07.04-16.12.48:078][  0]LogShaderLibrary: Display: Cooked Context: Using Shared Shader Library PuzzlePlatforms_Multi
[2022.07.04-16.12.48:080][  0]LogRHI: Display: Opened pipeline cache after state change and enqueued 0 of 0 tasks for precompile.
[2022.07.04-16.12.48:085][  0]LogRHI: Display: Failed to open default shader pipeline cache for PuzzlePlatforms_Multi using shader platform 0.
[2022.07.04-16.12.48:088][  0]LogInit: Using OS detected language (ko-KR).
[2022.07.04-16.12.48:091][  0]LogInit: Using OS detected locale (ko-KR).
[2022.07.04-16.12.48:094][  0]LogTextLocalizationManager: No localization for 'ko-KR' exists, so 'en' will be used for the language.
[2022.07.04-16.12.48:096][  0]LogTextLocalizationManager: No localization for 'ko-KR' exists, so 'en' will be used for the locale.
[2022.07.04-16.12.48:103][  0]LogAssetRegistry: FAssetRegistry took 0.0016 seconds to start up
[2022.07.04-16.12.48:223][  0]LogTextLocalizationManager: Compacting localization data took   2.25ms
[2022.07.04-16.12.48:223][  0]LogStreaming: Display: FlushAsyncLoading: 1 QueuedPackages, 0 AsyncPackages
[2022.07.04-16.12.48:226][  0]LogPackageLocalizationCache: Processed 26 localized package path(s) for 1 prioritized culture(s) in 0.000101 seconds
[2022.07.04-16.12.48:242][  0]LogSerialization: Display: AllowBulkDataInIoStore: 'true'
[2022.07.04-16.12.48:244][  0]LogInit: Selected Device Profile: [WindowsNoEditor]
[2022.07.04-16.12.48:248][  0]LogInit: Active device profile: [000001BF4583DF00][000001BF3673DB70 49] WindowsNoEditor
[2022.07.04-16.12.48:248][  0]LogInit: Profiles: [000001BF4583E200][000001BF421C0010 49] Windows, [000001BF4583DF00][000001BF3673DB70 49] WindowsNoEditor, 
[2022.07.04-16.12.48:531][  0]LogNetVersion: PuzzlePlatforms_Multi 1.0.0, NetCL: 17155196, EngineNetVer: 17, GameNetVer: 0 (Checksum: 268026812)
[2022.07.04-16.12.48:582][  0]LogAudioCaptureCore: Display: No Audio Capture implementations found. Audio input will be silent.
[2022.07.04-16.12.48:583][  0]LogAudioCaptureCore: Display: No Audio Capture implementations found. Audio input will be silent.
[2022.07.04-16.12.48:586][  0]LogHMD: PokeAHoleMaterial loaded successfully
[2022.07.04-16.12.48:648][  0]LogMoviePlayer: Initializing movie player
[2022.07.04-16.12.48:649][  0]LogNiagaraDebuggerClient: Niagara Debugger Client Initialized | Session: 941DA8FD4B5F95A4F2E43EB355135EF0 | Instance: 437AD7D34D963364275035B00DA851C2 (DESKTOP-2ABPD5V-23496).
[2022.07.04-16.12.48:652][  0]LogAndroidPermission: UAndroidPermissionCallbackProxy::GetInstance
[2022.07.04-16.12.48:653][  0]LogOcInput: OculusInput pre-init called
[2022.07.04-16.12.48:659][  0]LogUObjectArray: 16077 objects as part of root set at end of initial load.
[2022.07.04-16.12.48:659][  0]LogUObjectArray: 2 objects are not in the root set, but can never be destroyed because they are in the DisregardForGC set.
[2022.07.04-16.12.48:660][  0]LogUObjectAllocator: 3338664 out of 0 bytes used by permanent object pool.
[2022.07.04-16.12.48:661][  0]LogUObjectArray: CloseDisregardForGC: 16077/16077 objects in disregard for GC pool
[2022.07.04-16.12.48:663][  0]LogEngine: Initializing Engine...
[2022.07.04-16.12.48:671][  0]LogHMD: Failed to enumerate extensions. Please check that you have a valid OpenXR runtime installed.
[2022.07.04-16.12.48:672][  0]LogHMD: Failed to initialize OpenVR with code 110
[2022.07.04-16.12.48:674][  0]LogStats: UGameplayTagsManager::InitializeManager -  0.000 s
[2022.07.04-16.12.48:742][  0]LogInit: Initializing FReadOnlyCVARCache
[2022.07.04-16.12.48:742][  0]LogAudio: Display: Initializing Audio Device Manager...
[2022.07.04-16.12.48:745][  0]LogAudio: Display: Loading Default Audio Settings Objects...
[2022.07.04-16.12.48:751][  0]LogAudio: Display: No default SoundConcurrencyObject specified (or failed to load).
[2022.07.04-16.12.48:752][  0]LogAudio: Display: Audio Device Manager Initialized
[2022.07.04-16.12.48:753][  0]LogAudio: Display: Creating Audio Device:                 Id: 1, Scope: Shared, Realtime: True
[2022.07.04-16.12.48:754][  0]LogAudioMixer: Display: Audio Mixer Platform Settings:
[2022.07.04-16.12.48:755][  0]LogAudioMixer: Display: 	Sample Rate:						  48000
[2022.07.04-16.12.48:757][  0]LogAudioMixer: Display: 	Callback Buffer Frame Size Requested: 1024
[2022.07.04-16.12.48:757][  0]LogAudioMixer: Display: 	Callback Buffer Frame Size To Use:	  1024
[2022.07.04-16.12.48:758][  0]LogAudioMixer: Display: 	Number of buffers to queue:			  2
[2022.07.04-16.12.48:759][  0]LogAudioMixer: Display: 	Max Channels (voices):				  32
[2022.07.04-16.12.48:760][  0]LogAudioMixer: Display: 	Number of Async Source Workers:		  0
[2022.07.04-16.12.48:762][  0]LogAudio: Display: AudioDevice MaxSources: 32
[2022.07.04-16.12.48:763][  0]LogAudio: Display: Audio Spatialization Plugin: None (built-in).
[2022.07.04-16.12.48:764][  0]LogAudio: Display: Audio Reverb Plugin: None (built-in).
[2022.07.04-16.12.48:765][  0]LogAudio: Display: Audio Occlusion Plugin: None (built-in).
[2022.07.04-16.12.48:766][  0]LogAudioMixer: Display: Initializing audio mixer.
[2022.07.04-16.12.48:795][  0]LogAudioDebug: Display: Lib vorbis DLL was dynamically loaded.
[2022.07.04-16.12.48:858][  0]LogAudioMixer: Display: 0: FrontLeft
[2022.07.04-16.12.48:858][  0]LogAudioMixer: Display: 1: FrontRight
[2022.07.04-16.12.48:966][  0]LogAudioMixer: Display: Using Audio Device 스피커(USB Audio Device)
[2022.07.04-16.12.48:967][  0]LogAudioMixer: Display: Initializing Sound Submixes...
[2022.07.04-16.12.48:969][  0]LogAudioMixer: Display: Creating Master Submix 'MasterSubmixDefault'
[2022.07.04-16.12.48:969][  0]LogAudioMixer: Display: Creating Master Submix 'MasterReverbSubmixDefault'
[2022.07.04-16.12.48:971][  0]LogAudioMixer: Display: Creating Master Submix 'MasterEQSubmixDefault'
[2022.07.04-16.12.48:972][  0]LogAudioMixer: FMixerPlatformXAudio2::StartAudioStream() called
[2022.07.04-16.12.48:973][  0]LogAudioMixer: Display: Output buffers initialized: Frames=1024, Channels=2, Samples=2048
[2022.07.04-16.12.48:975][  0]LogAudioMixer: Display: Starting AudioMixerPlatformInterface::RunInternal()
[2022.07.04-16.12.48:975][  0]LogAudioMixer: Display: FMixerPlatformXAudio2::SubmitBuffer() called for the first time
[2022.07.04-16.12.48:976][  0]LogInit: FAudioDevice initialized.
[2022.07.04-16.12.48:978][  0]LogNetVersion: Set ProjectVersion to 1.0.0.0. Version Checksum will be recalculated on next use.
[2022.07.04-16.12.48:979][  0]LogInit: Texture streaming: Enabled
[2022.07.04-16.12.48:991][  0]LogTemp: Warning: Found Subsystem : Steam
[2022.07.04-16.12.48:991][  0]LogAudio: Display: Audio Device (ID: 1) registered with world 'Untitled'.
[2022.07.04-16.12.48:993][  0]LogSlate: Updating window title bar state: overlay mode, drag disabled, window buttons hidden, title bar hidden
[2022.07.04-16.12.48:996][  0]LogInit: Display: Game Engine Initialized.
[2022.07.04-16.12.48:997][  0]LogInit: Display: Starting Game.
[2022.07.04-16.12.48:999][  0]LogNet: Browse: /Game/MenuSystem/MainMenuLevel?Name=Player
[2022.07.04-16.12.49:000][  0]LogLoad: LoadMap: /Game/MenuSystem/MainMenuLevel?Name=Player
[2022.07.04-16.12.49:001][  0]LogWorld: BeginTearingDown for /Temp/Untitled_0
[2022.07.04-16.12.49:003][  0]LogWorld: UWorld::CleanupWorld for Untitled, bSessionEnded=true, bCleanupResources=true
[2022.07.04-16.12.49:004][  0]LogSlate: InvalidateAllWidgets triggered.  All widgets were invalidated
[2022.07.04-16.12.49:008][  0]LogAudio: Display: Audio Device unregistered from world 'None'.
[2022.07.04-16.12.49:011][  0]LogUObjectHash: Compacting FUObjectHashTables data took   1.28ms
[2022.07.04-16.12.49:018][  0]LogAudio: Display: Audio Device (ID: 1) registered with world 'MainMenuLevel'.
[2022.07.04-16.12.49:020][  0]LogAIModule: Creating AISystem for world MainMenuLevel
[2022.07.04-16.12.49:021][  0]LogLoad: Game class is 'PuzzlePlatformsGameMode'
[2022.07.04-16.12.49:023][  0]LogWorld: Bringing World /Game/MenuSystem/MainMenuLevel.MainMenuLevel up for play (max tick rate 0) at 2022.07.05-01.12.49
[2022.07.04-16.12.49:024][  0]LogWorld: Bringing up level for play took: 0.000967
[2022.07.04-16.12.49:026][  0]LogGameMode: FindPlayerStart: PATHS NOT DEFINED or NO PLAYERSTART with positive rating
[2022.07.04-16.12.49:032][  0]LogViewport: Display: Viewport MouseLockMode Changed, LockOnCapture -> DoNotLock
[2022.07.04-16.12.49:032][  0]LogViewport: Display: Viewport MouseCaptureMode Changed, CapturePermanently_IncludingInitialMouseDown -> NoCapture
[2022.07.04-16.12.49:034][  0]LogLoad: Took 0.033902 seconds to LoadMap(/Game/MenuSystem/MainMenuLevel)
[2022.07.04-16.12.49:035][  0]LogSlate: Took 0.000527 seconds to synchronously load lazily loaded font '../../../Engine/Content/EngineFonts/Faces/RobotoBold.ufont' (160K)
[2022.07.04-16.12.49:868][  0]LogSlate: Took 0.000377 seconds to synchronously load lazily loaded font '../../../Engine/Content/Slate/Fonts/Roboto-Regular.ttf' (155K)
[2022.07.04-16.12.50:551][  0]LogRenderer: Reallocating scene render targets to support 2560x1440 Format 10 NumSamples 1 (Frame:1).
[2022.07.04-16.12.50:551][  0]LogRHI: Display: ShaderPipelineCache: Paused Batching. 1
[2022.07.04-16.12.50:553][  0]LogPakFile: AllPaks IndexSizes: DirectoryHashSize=215780, PathHashSize=16, EntriesSize=32752, TotalSize=248548
[2022.07.04-16.12.50:555][  0]LogRHI: Display: ShaderPipelineCache: Resumed Batching. 0
[2022.07.04-16.12.50:556][  0]LogRHI: Display: ShaderPipelineCache: Batching Resumed.
[2022.07.04-16.12.50:557][  0]LogInit: Display: Engine is initialized. Leaving FEngineLoop::Init()
[2022.07.04-16.12.50:558][  0]LogLoad: (Engine Initialization) Total time: 8.72 seconds
[2022.07.04-16.12.50:566][  0]LogContentStreaming: Texture pool size now 1000 MB
[2022.07.04-16.12.53:019][113]LogConfig: Applying CVar settings from Section [ViewDistanceQuality@3] File [../../../PuzzlePlatforms_Multi/Saved/Config/WindowsNoEditor/Scalability.ini]
[2022.07.04-16.12.53:020][113]LogConfig: Setting CVar [[r.SkeletalMeshLODBias:0]]
[2022.07.04-16.12.53:021][113]LogConfig: Setting CVar [[r.ViewDistanceScale:1.0]]
[2022.07.04-16.12.53:024][113]LogConfig: Applying CVar settings from Section [AntiAliasingQuality@3] File [../../../PuzzlePlatforms_Multi/Saved/Config/WindowsNoEditor/Scalability.ini]
[2022.07.04-16.12.53:027][113]LogConfig: Setting CVar [[r.PostProcessAAQuality:4]]
[2022.07.04-16.12.53:030][113]LogConfig: Applying CVar settings from Section [ShadowQuality@3] File [../../../PuzzlePlatforms_Multi/Saved/Config/WindowsNoEditor/Scalability.ini]
[2022.07.04-16.12.53:033][113]LogConfig: Setting CVar [[r.LightFunctionQuality:1]]
[2022.07.04-16.12.53:036][113]LogConfig: Setting CVar [[r.ShadowQuality:5]]
[2022.07.04-16.12.53:036][113]LogConfig: Setting CVar [[r.Shadow.CSM.MaxCascades:10]]
[2022.07.04-16.12.53:038][113]LogConfig: Setting CVar [[r.Shadow.MaxResolution:2048]]
[2022.07.04-16.12.53:039][113]LogConfig: Setting CVar [[r.Shadow.MaxCSMResolution:2048]]
[2022.07.04-16.12.53:040][113]LogConfig: Setting CVar [[r.Shadow.RadiusThreshold:0.01]]
[2022.07.04-16.12.53:042][113]LogConfig: Setting CVar [[r.Shadow.DistanceScale:1.0]]
[2022.07.04-16.12.53:042][113]LogConfig: Setting CVar [[r.Shadow.CSM.TransitionScale:1.0]]
[2022.07.04-16.12.53:044][113]LogConfig: Setting CVar [[r.Shadow.PreShadowResolutionFactor:1.0]]
[2022.07.04-16.12.53:045][113]LogConfig: Setting CVar [[r.DistanceFieldShadowing:1]]
[2022.07.04-16.12.53:049][113]LogConfig: Setting CVar [[r.DistanceFieldAO:1]]
[2022.07.04-16.12.53:050][113]LogConfig: Setting CVar [[r.AOQuality:2]]
[2022.07.04-16.12.53:052][113]LogConfig: Setting CVar [[r.VolumetricFog:1]]
[2022.07.04-16.12.53:053][113]LogConfig: Setting CVar [[r.VolumetricFog.GridPixelSize:8]]
[2022.07.04-16.12.53:054][113]LogConfig: Setting CVar [[r.VolumetricFog.GridSizeZ:128]]
[2022.07.04-16.12.53:056][113]LogConfig: Setting CVar [[r.VolumetricFog.HistoryMissSupersampleCount:4]]
[2022.07.04-16.12.53:058][113]LogConfig: Setting CVar [[r.LightMaxDrawDistanceScale:1]]
[2022.07.04-16.12.53:060][113]LogConfig: Setting CVar [[r.CapsuleShadows:1]]
[2022.07.04-16.12.53:062][113]LogConfig: Applying CVar settings from Section [PostProcessQuality@3] File [../../../PuzzlePlatforms_Multi/Saved/Config/WindowsNoEditor/Scalability.ini]
[2022.07.04-16.12.53:063][113]LogConfig: Setting CVar [[r.MotionBlurQuality:4]]
[2022.07.04-16.12.53:065][113]LogConfig: Setting CVar [[r.AmbientOcclusionMipLevelFactor:0.4]]
[2022.07.04-16.12.53:066][113]LogConfig: Setting CVar [[r.AmbientOcclusionMaxQuality:100]]
[2022.07.04-16.12.53:067][113]LogConfig: Setting CVar [[r.AmbientOcclusionLevels:-1]]
[2022.07.04-16.12.53:068][113]LogConfig: Setting CVar [[r.AmbientOcclusionRadiusScale:1.0]]
[2022.07.04-16.12.53:069][113]LogConfig: Setting CVar [[r.DepthOfFieldQuality:2]]
[2022.07.04-16.12.53:071][113]LogConfig: Setting CVar [[r.RenderTargetPoolMin:400]]
[2022.07.04-16.12.53:073][113]LogConfig: Setting CVar [[r.LensFlareQuality:2]]
[2022.07.04-16.12.53:076][113]LogConfig: Setting CVar [[r.SceneColorFringeQuality:1]]
[2022.07.04-16.12.53:077][113]LogConfig: Setting CVar [[r.EyeAdaptationQuality:2]]
[2022.07.04-16.12.53:078][113]LogConfig: Setting CVar [[r.BloomQuality:5]]
[2022.07.04-16.12.53:078][113]LogConfig: Setting CVar [[r.FastBlurThreshold:100]]
[2022.07.04-16.12.53:079][113]LogConfig: Setting CVar [[r.Upscale.Quality:3]]
[2022.07.04-16.12.53:081][113]LogConfig: Setting CVar [[r.Tonemapper.GrainQuantization:1]]
[2022.07.04-16.12.53:082][113]LogConfig: Setting CVar [[r.LightShaftQuality:1]]
[2022.07.04-16.12.53:083][113]LogConfig: Setting CVar [[r.Filter.SizeScale:1]]
[2022.07.04-16.12.53:083][113]LogConfig: Setting CVar [[r.Tonemapper.Quality:5]]
[2022.07.04-16.12.53:084][113]LogConfig: Setting CVar [[r.DOF.Gather.AccumulatorQuality:1        ; higher gathering accumulator quality]]
[2022.07.04-16.12.53:086][113]LogConfig: Setting CVar [[r.DOF.Gather.PostfilterMethod:1          ; Median3x3 postfilering method]]
[2022.07.04-16.12.53:087][113]LogConfig: Setting CVar [[r.DOF.Gather.EnableBokehSettings:0       ; no bokeh simulation when gathering]]
[2022.07.04-16.12.53:088][113]LogConfig: Setting CVar [[r.DOF.Gather.RingCount:4                 ; medium number of samples when gathering]]
[2022.07.04-16.12.53:089][113]LogConfig: Setting CVar [[r.DOF.Scatter.ForegroundCompositing:1    ; additive foreground scattering]]
[2022.07.04-16.12.53:090][113]LogConfig: Setting CVar [[r.DOF.Scatter.BackgroundCompositing:2    ; additive background scattering]]
[2022.07.04-16.12.53:092][113]LogConfig: Setting CVar [[r.DOF.Scatter.EnableBokehSettings:1      ; bokeh simulation when scattering]]
[2022.07.04-16.12.53:093][113]LogConfig: Setting CVar [[r.DOF.Scatter.MaxSpriteRatio:0.1         ; only a maximum of 10% of scattered bokeh]]
[2022.07.04-16.12.53:094][113]LogConfig: Setting CVar [[r.DOF.Recombine.Quality:1                ; cheap slight out of focus]]
[2022.07.04-16.12.53:095][113]LogConfig: Setting CVar [[r.DOF.Recombine.EnableBokehSettings:0    ; no bokeh simulation on slight out of focus]]
[2022.07.04-16.12.53:096][113]LogConfig: Setting CVar [[r.DOF.TemporalAAQuality:1                ; more stable temporal accumulation]]
[2022.07.04-16.12.53:098][113]LogConfig: Setting CVar [[r.DOF.Kernel.MaxForegroundRadius:0.025]]
[2022.07.04-16.12.53:100][113]LogConfig: Setting CVar [[r.DOF.Kernel.MaxBackgroundRadius:0.025]]
[2022.07.04-16.12.53:100][113]LogConfig: Applying CVar settings from Section [TextureQuality@3] File [../../../PuzzlePlatforms_Multi/Saved/Config/WindowsNoEditor/Scalability.ini]
[2022.07.04-16.12.53:101][113]LogConfig: Setting CVar [[r.Streaming.MipBias:0]]
[2022.07.04-16.12.53:102][113]LogConfig: Setting CVar [[r.Streaming.AmortizeCPUToGPUCopy:0]]
[2022.07.04-16.12.53:103][113]LogConfig: Setting CVar [[r.Streaming.MaxNumTexturesToStreamPerFrame:0]]
[2022.07.04-16.12.53:103][113]LogConfig: Setting CVar [[r.Streaming.Boost:1]]
[2022.07.04-16.12.53:105][113]LogConfig: Setting CVar [[r.MaxAnisotropy:8]]
[2022.07.04-16.12.53:107][113]LogConfig: Setting CVar [[r.VT.MaxAnisotropy:8]]
[2022.07.04-16.12.53:108][113]LogConfig: Setting CVar [[r.Streaming.LimitPoolSizeToVRAM:0]]
[2022.07.04-16.12.53:108][113]LogConfig: Setting CVar [[r.Streaming.PoolSize:1000]]
[2022.07.04-16.12.53:109][113]LogConfig: Setting CVar [[r.Streaming.MaxEffectiveScreenSize:0]]
[2022.07.04-16.12.53:110][113]LogConfig: Applying CVar settings from Section [EffectsQuality@3] File [../../../PuzzlePlatforms_Multi/Saved/Config/WindowsNoEditor/Scalability.ini]
[2022.07.04-16.12.53:111][113]LogConfig: Setting CVar [[r.TranslucencyLightingVolumeDim:64]]
[2022.07.04-16.12.53:112][113]LogConfig: Setting CVar [[r.RefractionQuality:2]]
[2022.07.04-16.12.53:112][113]LogConfig: Setting CVar [[r.SSR.Quality:3]]
[2022.07.04-16.12.53:114][113]LogConfig: Setting CVar [[r.SSR.HalfResSceneColor:0]]
[2022.07.04-16.12.53:115][113]LogConfig: Setting CVar [[r.SceneColorFormat:4]]
[2022.07.04-16.12.53:115][113]LogConfig: Setting CVar [[r.DetailMode:2]]
[2022.07.04-16.12.53:117][113]LogConfig: Setting CVar [[r.TranslucencyVolumeBlur:1]]
[2022.07.04-16.12.53:117][113]LogConfig: Setting CVar [[r.MaterialQualityLevel:1 ; High quality]]
[2022.07.04-16.12.53:118][113]LogConfig: Setting CVar [[r.AnisotropicMaterials:1]]
[2022.07.04-16.12.53:119][113]LogConfig: Setting CVar [[r.SSS.Scale:1]]
[2022.07.04-16.12.53:119][113]LogConfig: Setting CVar [[r.SSS.SampleSet:2]]
[2022.07.04-16.12.53:120][113]LogConfig: Setting CVar [[r.SSS.Quality:1]]
[2022.07.04-16.12.53:122][113]LogConfig: Setting CVar [[r.SSS.HalfRes:0]]
[2022.07.04-16.12.53:123][113]LogConfig: Setting CVar [[r.SSGI.Quality:3]]
[2022.07.04-16.12.53:124][113]LogConfig: Setting CVar [[r.EmitterSpawnRateScale:1.0]]
[2022.07.04-16.12.53:125][113]LogConfig: Setting CVar [[r.ParticleLightQuality:2]]
[2022.07.04-16.12.53:126][113]LogConfig: Setting CVar [[r.SkyAtmosphere.AerialPerspectiveLUT.FastApplyOnOpaque:1 ; Always have FastSkyLUT 1 in this case to avoid wrong sky]]
[2022.07.04-16.12.53:127][113]LogConfig: Setting CVar [[r.SkyAtmosphere.AerialPerspectiveLUT.SampleCountMaxPerSlice:4]]
[2022.07.04-16.12.53:127][113]LogConfig: Setting CVar [[r.SkyAtmosphere.AerialPerspectiveLUT.DepthResolution:16.0]]
[2022.07.04-16.12.53:128][113]LogConfig: Setting CVar [[r.SkyAtmosphere.FastSkyLUT:1]]
[2022.07.04-16.12.53:129][113]LogConfig: Setting CVar [[r.SkyAtmosphere.FastSkyLUT.SampleCountMin:4.0]]
[2022.07.04-16.12.53:130][113]LogConfig: Setting CVar [[r.SkyAtmosphere.FastSkyLUT.SampleCountMax:128.0]]
[2022.07.04-16.12.53:131][113]LogConfig: Setting CVar [[r.SkyAtmosphere.SampleCountMin:4.0]]
[2022.07.04-16.12.53:131][113]LogConfig: Setting CVar [[r.SkyAtmosphere.SampleCountMax:128.0]]
[2022.07.04-16.12.53:132][113]LogConfig: Setting CVar [[r.SkyAtmosphere.TransmittanceLUT.UseSmallFormat:0]]
[2022.07.04-16.12.53:133][113]LogConfig: Setting CVar [[r.SkyAtmosphere.TransmittanceLUT.SampleCount:10.0]]
[2022.07.04-16.12.53:134][113]LogConfig: Setting CVar [[r.SkyAtmosphere.MultiScatteringLUT.SampleCount:15.0]]
[2022.07.04-16.12.53:135][113]LogConfig: Setting CVar [[r.SkyLight.RealTimeReflectionCapture:1]]
[2022.07.04-16.12.53:136][113]LogConfig: Setting CVar [[fx.Niagara.QualityLevel:3]]
[2022.07.04-16.12.53:137][113]LogConfig: Applying CVar settings from Section [FoliageQuality@3] File [../../../PuzzlePlatforms_Multi/Saved/Config/WindowsNoEditor/Scalability.ini]
[2022.07.04-16.12.53:138][113]LogConfig: Setting CVar [[foliage.DensityScale:1.0]]
[2022.07.04-16.12.53:138][113]LogConfig: Setting CVar [[grass.DensityScale:1.0]]
[2022.07.04-16.12.53:139][113]LogConfig: Applying CVar settings from Section [ShadingQuality@3] File [../../../PuzzlePlatforms_Multi/Saved/Config/WindowsNoEditor/Scalability.ini]
[2022.07.04-16.12.53:140][113]LogConfig: Setting CVar [[r.HairStrands.SkyLighting.IntegrationType:2]]
[2022.07.04-16.12.53:141][113]LogConfig: Setting CVar [[r.HairStrands.SkyAO.SampleCount:4]]
[2022.07.04-16.12.53:142][113]LogConfig: Setting CVar [[r.HairStrands.Visibility.MSAA.SamplePerPixel:4]]
[2022.07.04-16.12.53:163][116]LogRenderer: Reallocating scene render targets to support 1920x1080 Format 10 NumSamples 1 (Frame:117).
[2022.07.04-16.14.32:717][737]LogOnline                                 VeryVerbose   
